SF:lib/screens/smilie.dart
DA:12,1
DA:14,1
DA:15,1
DA:16,1
DA:19,1
DA:21,1
DA:23,2
DA:32,1
DA:33,3
DA:34,2
DA:38,1
DA:40,1
DA:41,2
DA:42,2
DA:43,2
DA:44,2
DA:48,1
LF:17
LH:17
end_of_record
SF:lib/screens/golden.dart
DA:17,1
DA:19,1
DA:21,1
DA:22,3
DA:24,1
DA:26,1
DA:28,2
DA:31,2
DA:32,1
DA:34,1
DA:36,3
DA:38,1
DA:40,1
DA:41,1
DA:48,2
DA:50,1
DA:52,3
DA:54,1
DA:56,2
DA:61,1
DA:62,1
DA:63,2
DA:70,1
DA:71,1
DA:72,1
DA:73,1
DA:75,1
DA:77,1
DA:91,0
DA:93,0
DA:94,0
DA:103,0
DA:105,0
DA:107,0
DA:109,0
DA:111,0
DA:112,0
DA:113,0
DA:114,0
DA:115,0
DA:116,0
DA:117,0
DA:118,0
DA:127,0
DA:129,0
DA:130,0
DA:133,0
DA:134,0
DA:135,0
DA:136,0
DA:137,0
DA:138,0
DA:139,0
DA:140,0
DA:141,0
DA:142,0
DA:146,0
DA:147,0
DA:148,0
DA:149,0
DA:150,0
DA:154,0
DA:155,0
DA:156,0
DA:161,0
DA:162,0
DA:163,0
DA:164,0
DA:165,0
DA:167,0
DA:169,0
DA:170,0
DA:171,0
DA:178,0
DA:179,0
DA:180,0
DA:181,0
DA:187,0
DA:189,0
DA:190,0
DA:191,0
DA:192,0
DA:196,0
DA:197,0
DA:198,0
DA:199,0
DA:200,0
DA:201,0
DA:205,0
LF:89
LH:28
end_of_record
SF:lib/widgets/popup_menu.dart
DA:6,4
DA:8,0
DA:10,0
DA:12,0
DA:14,2
DA:22,1
DA:29,1
DA:31,1
DA:32,0
DA:33,0
DA:34,0
DA:37,0
DA:38,0
DA:39,0
DA:40,0
DA:41,0
DA:43,0
DA:44,0
DA:47,0
DA:48,0
DA:49,0
DA:51,0
DA:52,0
DA:53,0
DA:57,0
DA:58,0
DA:60,0
DA:62,0
DA:65,0
DA:66,0
DA:68,0
DA:70,0
DA:83,1
DA:89,1
DA:91,1
DA:92,2
DA:93,1
DA:94,1
DA:97,2
DA:106,0
DA:111,0
DA:113,0
DA:114,0
DA:115,0
DA:116,0
DA:117,0
DA:129,1
DA:133,1
DA:135,0
DA:138,0
DA:139,0
DA:141,0
LF:52
LH:14
end_of_record
SF:lib/widgets/selection_area.dart
DA:8,1
DA:14,1
DA:16,1
DA:17,1
DA:18,1
DA:21,1
DA:22,0
LF:7
LH:6
end_of_record
